<?xml version="1.0" encoding="UTF-8"?>
<coverage generated="1758043028825" clover="3.2.0">
  <project timestamp="1758043028825" name="All files">
    <metrics statements="35" coveredstatements="35" conditionals="15" coveredconditionals="11" methods="11" coveredmethods="11" elements="61" coveredelements="57" complexity="0" loc="35" ncloc="35" packages="1" files="1" classes="1"/>
    <file name="rover.js" path="F:\Users\Rawan\documents\mars-rover\src\rover.js">
      <metrics statements="35" coveredstatements="35" conditionals="15" coveredconditionals="11" methods="11" coveredmethods="11"/>
      <line num="5" count="1" type="stmt"/>
      <line num="7" count="1" type="stmt"/>
      <line num="16" count="9" type="stmt"/>
      <line num="17" count="9" type="stmt"/>
      <line num="18" count="9" type="stmt"/>
      <line num="20" count="9" type="stmt"/>
      <line num="21" count="9" type="stmt"/>
      <line num="23" count="9" type="stmt"/>
      <line num="24" count="9" type="cond" truecount="2" falsecount="0"/>
      <line num="25" count="1" type="stmt"/>
      <line num="30" count="8" type="stmt"/>
      <line num="31" count="10" type="stmt"/>
      <line num="32" count="2" type="stmt"/>
      <line num="33" count="3" type="stmt"/>
      <line num="34" count="2" type="stmt"/>
      <line num="37" count="8" type="stmt"/>
      <line num="38" count="18" type="stmt"/>
      <line num="39" count="18" type="cond" truecount="2" falsecount="0"/>
      <line num="40" count="17" type="stmt"/>
      <line num="41" count="17" type="cond" truecount="2" falsecount="0"/>
      <line num="44" count="5" type="stmt"/>
      <line num="48" count="12" type="stmt"/>
      <line num="49" count="12" type="stmt"/>
      <line num="50" count="12" type="stmt"/>
      <line num="52" count="12" type="cond" truecount="2" falsecount="0"/>
      <line num="53" count="2" type="stmt"/>
      <line num="54" count="2" type="stmt"/>
      <line num="57" count="10" type="stmt"/>
      <line num="58" count="10" type="stmt"/>
      <line num="62" count="5" type="stmt"/>
      <line num="63" count="5" type="stmt"/>
      <line num="67" count="12" type="stmt"/>
      <line num="71" count="7" type="stmt"/>
      <line num="72" count="7" type="cond" truecount="2" falsecount="0"/>
      <line num="76" count="1" type="stmt"/>
    </file>
  </project>
</coverage>
