<?xml version="1.0" encoding="UTF-8"?>
<coverage generated="1758044733599" clover="3.2.0">
  <project timestamp="1758044733599" name="All files">
    <metrics statements="63" coveredstatements="62" conditionals="33" coveredconditionals="29" methods="13" coveredmethods="13" elements="109" coveredelements="104" complexity="0" loc="63" ncloc="63" packages="1" files="2" classes="2"/>
    <file name="pathPlanner.js" path="F:\Users\Rawan\documents\mars-rover\src\pathPlanner.js">
      <metrics statements="28" coveredstatements="27" conditionals="18" coveredconditionals="18" methods="2" coveredmethods="2"/>
      <line num="6" count="1" type="stmt"/>
      <line num="9" count="3" type="stmt"/>
      <line num="10" count="3" type="stmt"/>
      <line num="11" count="3" type="stmt"/>
      <line num="12" count="3" type="stmt"/>
      <line num="14" count="3" type="stmt"/>
      <line num="15" count="195" type="stmt"/>
      <line num="17" count="195" type="cond" truecount="4" falsecount="0"/>
      <line num="19" count="192" type="stmt"/>
      <line num="20" count="768" type="stmt"/>
      <line num="21" count="768" type="cond" truecount="2" falsecount="0"/>
      <line num="23" count="762" type="stmt"/>
      <line num="24" count="762" type="cond" truecount="2" falsecount="0"/>
      <line num="26" count="320" type="stmt"/>
      <line num="27" count="320" type="stmt"/>
      <line num="30" count="0" type="stmt"/>
      <line num="34" count="768" type="cond" truecount="4" falsecount="0"/>
      <line num="35" count="384" type="stmt"/>
      <line num="36" count="384" type="cond" truecount="2" falsecount="0"/>
      <line num="37" count="384" type="stmt"/>
      <line num="38" count="384" type="stmt"/>
      <line num="41" count="384" type="stmt"/>
      <line num="42" count="384" type="cond" truecount="2" falsecount="0"/>
      <line num="43" count="384" type="stmt"/>
      <line num="44" count="384" type="stmt"/>
      <line num="46" count="384" type="cond" truecount="2" falsecount="0"/>
      <line num="47" count="378" type="stmt"/>
      <line num="50" count="1" type="stmt"/>
    </file>
    <file name="rover.js" path="F:\Users\Rawan\documents\mars-rover\src\rover.js">
      <metrics statements="35" coveredstatements="35" conditionals="15" coveredconditionals="11" methods="11" coveredmethods="11"/>
      <line num="5" count="2" type="stmt"/>
      <line num="7" count="2" type="stmt"/>
      <line num="16" count="13" type="stmt"/>
      <line num="17" count="13" type="stmt"/>
      <line num="18" count="13" type="stmt"/>
      <line num="20" count="13" type="stmt"/>
      <line num="21" count="13" type="stmt"/>
      <line num="23" count="13" type="stmt"/>
      <line num="24" count="13" type="cond" truecount="2" falsecount="0"/>
      <line num="25" count="1" type="stmt"/>
      <line num="30" count="9" type="stmt"/>
      <line num="31" count="10" type="stmt"/>
      <line num="32" count="4" type="stmt"/>
      <line num="33" count="4" type="stmt"/>
      <line num="34" count="2" type="stmt"/>
      <line num="37" count="9" type="stmt"/>
      <line num="38" count="21" type="stmt"/>
      <line num="39" count="21" type="cond" truecount="2" falsecount="0"/>
      <line num="40" count="20" type="stmt"/>
      <line num="41" count="20" type="cond" truecount="2" falsecount="0"/>
      <line num="44" count="6" type="stmt"/>
      <line num="48" count="14" type="stmt"/>
      <line num="49" count="14" type="stmt"/>
      <line num="50" count="14" type="stmt"/>
      <line num="52" count="14" type="cond" truecount="2" falsecount="0"/>
      <line num="53" count="2" type="stmt"/>
      <line num="54" count="2" type="stmt"/>
      <line num="57" count="12" type="stmt"/>
      <line num="58" count="12" type="stmt"/>
      <line num="62" count="6" type="stmt"/>
      <line num="63" count="6" type="stmt"/>
      <line num="67" count="398" type="stmt"/>
      <line num="71" count="8" type="stmt"/>
      <line num="72" count="8" type="cond" truecount="2" falsecount="0"/>
      <line num="76" count="2" type="stmt"/>
    </file>
  </project>
</coverage>
