{"F:\\Users\\Rawan\\documents\\mars-rover\\src\\pathPlanner.js": {"path":"F:\\Users\\Rawan\\documents\\mars-rover\\src\\pathPlanner.js","statementMap":{"0":{"start":{"line":6,"column":32},"end":{"line":6,"column":50}},"1":{"start":{"line":9,"column":18},"end":{"line":9,"column":78}},"2":{"start":{"line":10,"column":20},"end":{"line":10,"column":71}},"3":{"start":{"line":11,"column":18},"end":{"line":11,"column":25}},"4":{"start":{"line":12,"column":21},"end":{"line":12,"column":41}},"5":{"start":{"line":14,"column":4},"end":{"line":29,"column":5}},"6":{"start":{"line":15,"column":40},"end":{"line":15,"column":53}},"7":{"start":{"line":17,"column":8},"end":{"line":17,"column":56}},"8":{"start":{"line":17,"column":44},"end":{"line":17,"column":56}},"9":{"start":{"line":19,"column":8},"end":{"line":28,"column":9}},"10":{"start":{"line":20,"column":25},"end":{"line":20,"column":60}},"11":{"start":{"line":21,"column":12},"end":{"line":21,"column":32}},"12":{"start":{"line":21,"column":23},"end":{"line":21,"column":32}},"13":{"start":{"line":23,"column":24},"end":{"line":23,"column":61}},"14":{"start":{"line":24,"column":12},"end":{"line":24,"column":43}},"15":{"start":{"line":24,"column":34},"end":{"line":24,"column":43}},"16":{"start":{"line":26,"column":12},"end":{"line":26,"column":29}},"17":{"start":{"line":27,"column":12},"end":{"line":27,"column":54}},"18":{"start":{"line":30,"column":4},"end":{"line":30,"column":16}},"19":{"start":{"line":34,"column":4},"end":{"line":39,"column":5}},"20":{"start":{"line":35,"column":20},"end":{"line":35,"column":47}},"21":{"start":{"line":36,"column":21},"end":{"line":36,"column":41}},"22":{"start":{"line":37,"column":27},"end":{"line":37,"column":91}},"23":{"start":{"line":38,"column":8},"end":{"line":38,"column":45}},"24":{"start":{"line":41,"column":21},"end":{"line":41,"column":37}},"25":{"start":{"line":42,"column":17},"end":{"line":42,"column":37}},"26":{"start":{"line":43,"column":18},"end":{"line":43,"column":31}},"27":{"start":{"line":44,"column":18},"end":{"line":44,"column":31}},"28":{"start":{"line":46,"column":4},"end":{"line":46,"column":53}},"29":{"start":{"line":46,"column":41},"end":{"line":46,"column":53}},"30":{"start":{"line":47,"column":4},"end":{"line":47,"column":43}},"31":{"start":{"line":50,"column":0},"end":{"line":50,"column":30}}},"fnMap":{"0":{"name":"planPath","decl":{"start":{"line":8,"column":9},"end":{"line":8,"column":17}},"loc":{"start":{"line":8,"column":43},"end":{"line":31,"column":1}},"line":8},"1":{"name":"simulate","decl":{"start":{"line":33,"column":9},"end":{"line":33,"column":17}},"loc":{"start":{"line":33,"column":45},"end":{"line":48,"column":1}},"line":33}},"branchMap":{"0":{"loc":{"start":{"line":17,"column":8},"end":{"line":17,"column":56}},"type":"if","locations":[{"start":{"line":17,"column":8},"end":{"line":17,"column":56}},{"start":{},"end":{}}],"line":17},"1":{"loc":{"start":{"line":17,"column":12},"end":{"line":17,"column":42}},"type":"binary-expr","locations":[{"start":{"line":17,"column":12},"end":{"line":17,"column":25}},{"start":{"line":17,"column":29},"end":{"line":17,"column":42}}],"line":17},"2":{"loc":{"start":{"line":21,"column":12},"end":{"line":21,"column":32}},"type":"if","locations":[{"start":{"line":21,"column":12},"end":{"line":21,"column":32}},{"start":{},"end":{}}],"line":21},"3":{"loc":{"start":{"line":24,"column":12},"end":{"line":24,"column":43}},"type":"if","locations":[{"start":{"line":24,"column":12},"end":{"line":24,"column":43}},{"start":{},"end":{}}],"line":24},"4":{"loc":{"start":{"line":34,"column":4},"end":{"line":39,"column":5}},"type":"if","locations":[{"start":{"line":34,"column":4},"end":{"line":39,"column":5}},{"start":{},"end":{}}],"line":34},"5":{"loc":{"start":{"line":34,"column":8},"end":{"line":34,"column":34}},"type":"binary-expr","locations":[{"start":{"line":34,"column":8},"end":{"line":34,"column":19}},{"start":{"line":34,"column":23},"end":{"line":34,"column":34}}],"line":34},"6":{"loc":{"start":{"line":36,"column":21},"end":{"line":36,"column":41}},"type":"cond-expr","locations":[{"start":{"line":36,"column":35},"end":{"line":36,"column":36}},{"start":{"line":36,"column":39},"end":{"line":36,"column":41}}],"line":36},"7":{"loc":{"start":{"line":42,"column":17},"end":{"line":42,"column":37}},"type":"cond-expr","locations":[{"start":{"line":42,"column":31},"end":{"line":42,"column":32}},{"start":{"line":42,"column":35},"end":{"line":42,"column":37}}],"line":42},"8":{"loc":{"start":{"line":46,"column":4},"end":{"line":46,"column":53}},"type":"if","locations":[{"start":{"line":46,"column":4},"end":{"line":46,"column":53}},{"start":{},"end":{}}],"line":46}},"s":{"0":1,"1":3,"2":3,"3":3,"4":3,"5":3,"6":195,"7":195,"8":3,"9":192,"10":768,"11":768,"12":6,"13":762,"14":762,"15":442,"16":320,"17":320,"18":0,"19":768,"20":384,"21":384,"22":384,"23":384,"24":384,"25":384,"26":384,"27":384,"28":384,"29":6,"30":378,"31":1},"f":{"0":3,"1":768},"b":{"0":[3,192],"1":[195,24],"2":[6,762],"3":[442,320],"4":[384,384],"5":[768,576],"6":[192,192],"7":[192,192],"8":[6,378]},"_coverageSchema":"1a1c01bbd47fc00a2c39e90264f33305004495a9","hash":"1fc76682ca5901242f52271da994077965dcd588"}
,"F:\\Users\\Rawan\\documents\\mars-rover\\src\\rover.js": {"path":"F:\\Users\\Rawan\\documents\\mars-rover\\src\\rover.js","statementMap":{"0":{"start":{"line":5,"column":19},"end":{"line":5,"column":53}},"1":{"start":{"line":7,"column":16},"end":{"line":12,"column":1}},"2":{"start":{"line":16,"column":8},"end":{"line":16,"column":19}},"3":{"start":{"line":17,"column":8},"end":{"line":17,"column":19}},"4":{"start":{"line":18,"column":8},"end":{"line":18,"column":45}},"5":{"start":{"line":20,"column":8},"end":{"line":20,"column":77}},"6":{"start":{"line":20,"column":61},"end":{"line":20,"column":74}},"7":{"start":{"line":21,"column":8},"end":{"line":21,"column":29}},"8":{"start":{"line":23,"column":8},"end":{"line":23,"column":57}},"9":{"start":{"line":24,"column":8},"end":{"line":26,"column":9}},"10":{"start":{"line":25,"column":12},"end":{"line":25,"column":59}},"11":{"start":{"line":30,"column":25},"end":{"line":35,"column":9}},"12":{"start":{"line":31,"column":21},"end":{"line":31,"column":34}},"13":{"start":{"line":32,"column":21},"end":{"line":32,"column":35}},"14":{"start":{"line":33,"column":21},"end":{"line":33,"column":35}},"15":{"start":{"line":34,"column":21},"end":{"line":34,"column":34}},"16":{"start":{"line":37,"column":8},"end":{"line":42,"column":9}},"17":{"start":{"line":38,"column":28},"end":{"line":38,"column":45}},"18":{"start":{"line":39,"column":12},"end":{"line":39,"column":73}},"19":{"start":{"line":39,"column":26},"end":{"line":39,"column":73}},"20":{"start":{"line":40,"column":12},"end":{"line":40,"column":22}},"21":{"start":{"line":41,"column":12},"end":{"line":41,"column":51}},"22":{"start":{"line":41,"column":30},"end":{"line":41,"column":51}},"23":{"start":{"line":44,"column":8},"end":{"line":44,"column":29}},"24":{"start":{"line":48,"column":25},"end":{"line":48,"column":46}},"25":{"start":{"line":49,"column":22},"end":{"line":49,"column":40}},"26":{"start":{"line":50,"column":22},"end":{"line":50,"column":40}},"27":{"start":{"line":52,"column":8},"end":{"line":55,"column":9}},"28":{"start":{"line":53,"column":12},"end":{"line":53,"column":32}},"29":{"start":{"line":54,"column":12},"end":{"line":54,"column":19}},"30":{"start":{"line":57,"column":8},"end":{"line":57,"column":23}},"31":{"start":{"line":58,"column":8},"end":{"line":58,"column":23}},"32":{"start":{"line":62,"column":8},"end":{"line":62,"column":87}},"33":{"start":{"line":63,"column":8},"end":{"line":63,"column":49}},"34":{"start":{"line":67,"column":8},"end":{"line":67,"column":47}},"35":{"start":{"line":71,"column":23},"end":{"line":71,"column":63}},"36":{"start":{"line":72,"column":8},"end":{"line":72,"column":59}},"37":{"start":{"line":76,"column":0},"end":{"line":76,"column":48}}},"fnMap":{"0":{"name":"(anonymous_0)","decl":{"start":{"line":15,"column":4},"end":{"line":15,"column":5}},"loc":{"start":{"line":15,"column":65},"end":{"line":27,"column":5}},"line":15},"1":{"name":"(anonymous_1)","decl":{"start":{"line":20,"column":47},"end":{"line":20,"column":48}},"loc":{"start":{"line":20,"column":61},"end":{"line":20,"column":74}},"line":20},"2":{"name":"(anonymous_2)","decl":{"start":{"line":29,"column":4},"end":{"line":29,"column":5}},"loc":{"start":{"line":29,"column":35},"end":{"line":45,"column":5}},"line":29},"3":{"name":"(anonymous_3)","decl":{"start":{"line":31,"column":15},"end":{"line":31,"column":16}},"loc":{"start":{"line":31,"column":21},"end":{"line":31,"column":34}},"line":31},"4":{"name":"(anonymous_4)","decl":{"start":{"line":32,"column":15},"end":{"line":32,"column":16}},"loc":{"start":{"line":32,"column":21},"end":{"line":32,"column":35}},"line":32},"5":{"name":"(anonymous_5)","decl":{"start":{"line":33,"column":15},"end":{"line":33,"column":16}},"loc":{"start":{"line":33,"column":21},"end":{"line":33,"column":35}},"line":33},"6":{"name":"(anonymous_6)","decl":{"start":{"line":34,"column":15},"end":{"line":34,"column":16}},"loc":{"start":{"line":34,"column":21},"end":{"line":34,"column":34}},"line":34},"7":{"name":"(anonymous_7)","decl":{"start":{"line":47,"column":4},"end":{"line":47,"column":5}},"loc":{"start":{"line":47,"column":16},"end":{"line":59,"column":5}},"line":47},"8":{"name":"(anonymous_8)","decl":{"start":{"line":61,"column":4},"end":{"line":61,"column":5}},"loc":{"start":{"line":61,"column":16},"end":{"line":64,"column":5}},"line":61},"9":{"name":"(anonymous_9)","decl":{"start":{"line":66,"column":4},"end":{"line":66,"column":5}},"loc":{"start":{"line":66,"column":22},"end":{"line":68,"column":5}},"line":66},"10":{"name":"(anonymous_10)","decl":{"start":{"line":70,"column":4},"end":{"line":70,"column":5}},"loc":{"start":{"line":70,"column":13},"end":{"line":73,"column":5}},"line":70}},"branchMap":{"0":{"loc":{"start":{"line":15,"column":16},"end":{"line":15,"column":21}},"type":"default-arg","locations":[{"start":{"line":15,"column":20},"end":{"line":15,"column":21}}],"line":15},"1":{"loc":{"start":{"line":15,"column":23},"end":{"line":15,"column":28}},"type":"default-arg","locations":[{"start":{"line":15,"column":27},"end":{"line":15,"column":28}}],"line":15},"2":{"loc":{"start":{"line":15,"column":30},"end":{"line":15,"column":47}},"type":"default-arg","locations":[{"start":{"line":15,"column":40},"end":{"line":15,"column":47}}],"line":15},"3":{"loc":{"start":{"line":15,"column":49},"end":{"line":15,"column":63}},"type":"default-arg","locations":[{"start":{"line":15,"column":61},"end":{"line":15,"column":63}}],"line":15},"4":{"loc":{"start":{"line":24,"column":8},"end":{"line":26,"column":9}},"type":"if","locations":[{"start":{"line":24,"column":8},"end":{"line":26,"column":9}},{"start":{},"end":{}}],"line":24},"5":{"loc":{"start":{"line":29,"column":20},"end":{"line":29,"column":33}},"type":"default-arg","locations":[{"start":{"line":29,"column":31},"end":{"line":29,"column":33}}],"line":29},"6":{"loc":{"start":{"line":39,"column":12},"end":{"line":39,"column":73}},"type":"if","locations":[{"start":{"line":39,"column":12},"end":{"line":39,"column":73}},{"start":{},"end":{}}],"line":39},"7":{"loc":{"start":{"line":41,"column":12},"end":{"line":41,"column":51}},"type":"if","locations":[{"start":{"line":41,"column":12},"end":{"line":41,"column":51}},{"start":{},"end":{}}],"line":41},"8":{"loc":{"start":{"line":52,"column":8},"end":{"line":55,"column":9}},"type":"if","locations":[{"start":{"line":52,"column":8},"end":{"line":55,"column":9}},{"start":{},"end":{}}],"line":52},"9":{"loc":{"start":{"line":72,"column":15},"end":{"line":72,"column":58}},"type":"cond-expr","locations":[{"start":{"line":72,"column":30},"end":{"line":72,"column":49}},{"start":{"line":72,"column":52},"end":{"line":72,"column":58}}],"line":72}},"s":{"0":2,"1":2,"2":13,"3":13,"4":13,"5":13,"6":3,"7":13,"8":13,"9":13,"10":1,"11":9,"12":10,"13":4,"14":4,"15":2,"16":9,"17":21,"18":21,"19":1,"20":20,"21":20,"22":2,"23":6,"24":14,"25":14,"26":14,"27":14,"28":2,"29":2,"30":12,"31":12,"32":6,"33":6,"34":398,"35":8,"36":8,"37":2},"f":{"0":13,"1":3,"2":9,"3":10,"4":4,"5":4,"6":2,"7":14,"8":6,"9":398,"10":8},"b":{"0":[0],"1":[0],"2":[0],"3":[7],"4":[1,12],"5":[0],"6":[1,20],"7":[2,18],"8":[2,12],"9":[2,6]},"_coverageSchema":"1a1c01bbd47fc00a2c39e90264f33305004495a9","hash":"d065586f665956d837aa8201d64a34ea012b853f"}
}
