{"F:\\Users\\Rawan\\documents\\mars-rover\\src\\rover.js": {"path":"F:\\Users\\Rawan\\documents\\mars-rover\\src\\rover.js","statementMap":{"0":{"start":{"line":5,"column":19},"end":{"line":5,"column":53}},"1":{"start":{"line":7,"column":16},"end":{"line":12,"column":1}},"2":{"start":{"line":16,"column":8},"end":{"line":16,"column":19}},"3":{"start":{"line":17,"column":8},"end":{"line":17,"column":19}},"4":{"start":{"line":18,"column":8},"end":{"line":18,"column":45}},"5":{"start":{"line":20,"column":8},"end":{"line":20,"column":77}},"6":{"start":{"line":20,"column":61},"end":{"line":20,"column":74}},"7":{"start":{"line":21,"column":8},"end":{"line":21,"column":29}},"8":{"start":{"line":23,"column":8},"end":{"line":23,"column":57}},"9":{"start":{"line":24,"column":8},"end":{"line":26,"column":9}},"10":{"start":{"line":25,"column":12},"end":{"line":25,"column":59}},"11":{"start":{"line":30,"column":25},"end":{"line":35,"column":9}},"12":{"start":{"line":31,"column":21},"end":{"line":31,"column":34}},"13":{"start":{"line":32,"column":21},"end":{"line":32,"column":35}},"14":{"start":{"line":33,"column":21},"end":{"line":33,"column":35}},"15":{"start":{"line":34,"column":21},"end":{"line":34,"column":34}},"16":{"start":{"line":37,"column":8},"end":{"line":42,"column":9}},"17":{"start":{"line":38,"column":28},"end":{"line":38,"column":45}},"18":{"start":{"line":39,"column":12},"end":{"line":39,"column":73}},"19":{"start":{"line":39,"column":26},"end":{"line":39,"column":73}},"20":{"start":{"line":40,"column":12},"end":{"line":40,"column":22}},"21":{"start":{"line":41,"column":12},"end":{"line":41,"column":51}},"22":{"start":{"line":41,"column":30},"end":{"line":41,"column":51}},"23":{"start":{"line":44,"column":8},"end":{"line":44,"column":29}},"24":{"start":{"line":48,"column":25},"end":{"line":48,"column":46}},"25":{"start":{"line":49,"column":22},"end":{"line":49,"column":40}},"26":{"start":{"line":50,"column":22},"end":{"line":50,"column":40}},"27":{"start":{"line":52,"column":8},"end":{"line":55,"column":9}},"28":{"start":{"line":53,"column":12},"end":{"line":53,"column":32}},"29":{"start":{"line":54,"column":12},"end":{"line":54,"column":19}},"30":{"start":{"line":57,"column":8},"end":{"line":57,"column":23}},"31":{"start":{"line":58,"column":8},"end":{"line":58,"column":23}},"32":{"start":{"line":62,"column":8},"end":{"line":62,"column":87}},"33":{"start":{"line":63,"column":8},"end":{"line":63,"column":49}},"34":{"start":{"line":67,"column":8},"end":{"line":67,"column":47}},"35":{"start":{"line":71,"column":23},"end":{"line":71,"column":63}},"36":{"start":{"line":72,"column":8},"end":{"line":72,"column":59}},"37":{"start":{"line":76,"column":0},"end":{"line":76,"column":48}}},"fnMap":{"0":{"name":"(anonymous_0)","decl":{"start":{"line":15,"column":4},"end":{"line":15,"column":5}},"loc":{"start":{"line":15,"column":65},"end":{"line":27,"column":5}},"line":15},"1":{"name":"(anonymous_1)","decl":{"start":{"line":20,"column":47},"end":{"line":20,"column":48}},"loc":{"start":{"line":20,"column":61},"end":{"line":20,"column":74}},"line":20},"2":{"name":"(anonymous_2)","decl":{"start":{"line":29,"column":4},"end":{"line":29,"column":5}},"loc":{"start":{"line":29,"column":35},"end":{"line":45,"column":5}},"line":29},"3":{"name":"(anonymous_3)","decl":{"start":{"line":31,"column":15},"end":{"line":31,"column":16}},"loc":{"start":{"line":31,"column":21},"end":{"line":31,"column":34}},"line":31},"4":{"name":"(anonymous_4)","decl":{"start":{"line":32,"column":15},"end":{"line":32,"column":16}},"loc":{"start":{"line":32,"column":21},"end":{"line":32,"column":35}},"line":32},"5":{"name":"(anonymous_5)","decl":{"start":{"line":33,"column":15},"end":{"line":33,"column":16}},"loc":{"start":{"line":33,"column":21},"end":{"line":33,"column":35}},"line":33},"6":{"name":"(anonymous_6)","decl":{"start":{"line":34,"column":15},"end":{"line":34,"column":16}},"loc":{"start":{"line":34,"column":21},"end":{"line":34,"column":34}},"line":34},"7":{"name":"(anonymous_7)","decl":{"start":{"line":47,"column":4},"end":{"line":47,"column":5}},"loc":{"start":{"line":47,"column":16},"end":{"line":59,"column":5}},"line":47},"8":{"name":"(anonymous_8)","decl":{"start":{"line":61,"column":4},"end":{"line":61,"column":5}},"loc":{"start":{"line":61,"column":16},"end":{"line":64,"column":5}},"line":61},"9":{"name":"(anonymous_9)","decl":{"start":{"line":66,"column":4},"end":{"line":66,"column":5}},"loc":{"start":{"line":66,"column":22},"end":{"line":68,"column":5}},"line":66},"10":{"name":"(anonymous_10)","decl":{"start":{"line":70,"column":4},"end":{"line":70,"column":5}},"loc":{"start":{"line":70,"column":13},"end":{"line":73,"column":5}},"line":70}},"branchMap":{"0":{"loc":{"start":{"line":15,"column":16},"end":{"line":15,"column":21}},"type":"default-arg","locations":[{"start":{"line":15,"column":20},"end":{"line":15,"column":21}}],"line":15},"1":{"loc":{"start":{"line":15,"column":23},"end":{"line":15,"column":28}},"type":"default-arg","locations":[{"start":{"line":15,"column":27},"end":{"line":15,"column":28}}],"line":15},"2":{"loc":{"start":{"line":15,"column":30},"end":{"line":15,"column":47}},"type":"default-arg","locations":[{"start":{"line":15,"column":40},"end":{"line":15,"column":47}}],"line":15},"3":{"loc":{"start":{"line":15,"column":49},"end":{"line":15,"column":63}},"type":"default-arg","locations":[{"start":{"line":15,"column":61},"end":{"line":15,"column":63}}],"line":15},"4":{"loc":{"start":{"line":24,"column":8},"end":{"line":26,"column":9}},"type":"if","locations":[{"start":{"line":24,"column":8},"end":{"line":26,"column":9}},{"start":{},"end":{}}],"line":24},"5":{"loc":{"start":{"line":29,"column":20},"end":{"line":29,"column":33}},"type":"default-arg","locations":[{"start":{"line":29,"column":31},"end":{"line":29,"column":33}}],"line":29},"6":{"loc":{"start":{"line":39,"column":12},"end":{"line":39,"column":73}},"type":"if","locations":[{"start":{"line":39,"column":12},"end":{"line":39,"column":73}},{"start":{},"end":{}}],"line":39},"7":{"loc":{"start":{"line":41,"column":12},"end":{"line":41,"column":51}},"type":"if","locations":[{"start":{"line":41,"column":12},"end":{"line":41,"column":51}},{"start":{},"end":{}}],"line":41},"8":{"loc":{"start":{"line":52,"column":8},"end":{"line":55,"column":9}},"type":"if","locations":[{"start":{"line":52,"column":8},"end":{"line":55,"column":9}},{"start":{},"end":{}}],"line":52},"9":{"loc":{"start":{"line":72,"column":15},"end":{"line":72,"column":58}},"type":"cond-expr","locations":[{"start":{"line":72,"column":30},"end":{"line":72,"column":49}},{"start":{"line":72,"column":52},"end":{"line":72,"column":58}}],"line":72}},"s":{"0":1,"1":1,"2":9,"3":9,"4":9,"5":9,"6":2,"7":9,"8":9,"9":9,"10":1,"11":8,"12":10,"13":2,"14":3,"15":2,"16":8,"17":18,"18":18,"19":1,"20":17,"21":17,"22":2,"23":5,"24":12,"25":12,"26":12,"27":12,"28":2,"29":2,"30":10,"31":10,"32":5,"33":5,"34":12,"35":7,"36":7,"37":1},"f":{"0":9,"1":2,"2":8,"3":10,"4":2,"5":3,"6":2,"7":12,"8":5,"9":12,"10":7},"b":{"0":[0],"1":[0],"2":[0],"3":[7],"4":[1,8],"5":[0],"6":[1,17],"7":[2,15],"8":[2,10],"9":[2,5]},"_coverageSchema":"1a1c01bbd47fc00a2c39e90264f33305004495a9","hash":"d065586f665956d837aa8201d64a34ea012b853f"}
}
