TN:
SF:src\pathPlanner.js
FN:8,planPath
FN:33,simulate
FNF:2
FNH:2
FNDA:3,planPath
FNDA:768,simulate
DA:6,1
DA:9,3
DA:10,3
DA:11,3
DA:12,3
DA:14,3
DA:15,195
DA:17,195
DA:19,192
DA:20,768
DA:21,768
DA:23,762
DA:24,762
DA:26,320
DA:27,320
DA:30,0
DA:34,768
DA:35,384
DA:36,384
DA:37,384
DA:38,384
DA:41,384
DA:42,384
DA:43,384
DA:44,384
DA:46,384
DA:47,378
DA:50,1
LF:28
LH:27
BRDA:17,0,0,3
BRDA:17,0,1,192
BRDA:17,1,0,195
BRDA:17,1,1,24
BRDA:21,2,0,6
BRDA:21,2,1,762
BRDA:24,3,0,442
BRDA:24,3,1,320
BRDA:34,4,0,384
BRDA:34,4,1,384
BRDA:34,5,0,768
BRDA:34,5,1,576
BRDA:36,6,0,192
BRDA:36,6,1,192
BRDA:42,7,0,192
BRDA:42,7,1,192
BRDA:46,8,0,6
BRDA:46,8,1,378
BRF:18
BRH:18
end_of_record
TN:
SF:src\rover.js
FN:15,(anonymous_0)
FN:20,(anonymous_1)
FN:29,(anonymous_2)
FN:31,(anonymous_3)
FN:32,(anonymous_4)
FN:33,(anonymous_5)
FN:34,(anonymous_6)
FN:47,(anonymous_7)
FN:61,(anonymous_8)
FN:66,(anonymous_9)
FN:70,(anonymous_10)
FNF:11
FNH:11
FNDA:13,(anonymous_0)
FNDA:3,(anonymous_1)
FNDA:9,(anonymous_2)
FNDA:10,(anonymous_3)
FNDA:4,(anonymous_4)
FNDA:4,(anonymous_5)
FNDA:2,(anonymous_6)
FNDA:14,(anonymous_7)
FNDA:6,(anonymous_8)
FNDA:398,(anonymous_9)
FNDA:8,(anonymous_10)
DA:5,2
DA:7,2
DA:16,13
DA:17,13
DA:18,13
DA:20,13
DA:21,13
DA:23,13
DA:24,13
DA:25,1
DA:30,9
DA:31,10
DA:32,4
DA:33,4
DA:34,2
DA:37,9
DA:38,21
DA:39,21
DA:40,20
DA:41,20
DA:44,6
DA:48,14
DA:49,14
DA:50,14
DA:52,14
DA:53,2
DA:54,2
DA:57,12
DA:58,12
DA:62,6
DA:63,6
DA:67,398
DA:71,8
DA:72,8
DA:76,2
LF:35
LH:35
BRDA:15,0,0,0
BRDA:15,1,0,0
BRDA:15,2,0,0
BRDA:15,3,0,7
BRDA:24,4,0,1
BRDA:24,4,1,12
BRDA:29,5,0,0
BRDA:39,6,0,1
BRDA:39,6,1,20
BRDA:41,7,0,2
BRDA:41,7,1,18
BRDA:52,8,0,2
BRDA:52,8,1,12
BRDA:72,9,0,2
BRDA:72,9,1,6
BRF:15
BRH:11
end_of_record
