TN:
SF:src\rover.js
FN:15,(anonymous_0)
FN:20,(anonymous_1)
FN:29,(anonymous_2)
FN:31,(anonymous_3)
FN:32,(anonymous_4)
FN:33,(anonymous_5)
FN:34,(anonymous_6)
FN:47,(anonymous_7)
FN:61,(anonymous_8)
FN:66,(anonymous_9)
FN:70,(anonymous_10)
FNF:11
FNH:11
FNDA:9,(anonymous_0)
FNDA:2,(anonymous_1)
FNDA:8,(anonymous_2)
FNDA:10,(anonymous_3)
FNDA:2,(anonymous_4)
FNDA:3,(anonymous_5)
FNDA:2,(anonymous_6)
FNDA:12,(anonymous_7)
FNDA:5,(anonymous_8)
FNDA:12,(anonymous_9)
FNDA:7,(anonymous_10)
DA:5,1
DA:7,1
DA:16,9
DA:17,9
DA:18,9
DA:20,9
DA:21,9
DA:23,9
DA:24,9
DA:25,1
DA:30,8
DA:31,10
DA:32,2
DA:33,3
DA:34,2
DA:37,8
DA:38,18
DA:39,18
DA:40,17
DA:41,17
DA:44,5
DA:48,12
DA:49,12
DA:50,12
DA:52,12
DA:53,2
DA:54,2
DA:57,10
DA:58,10
DA:62,5
DA:63,5
DA:67,12
DA:71,7
DA:72,7
DA:76,1
LF:35
LH:35
BRDA:15,0,0,0
BRDA:15,1,0,0
BRDA:15,2,0,0
BRDA:15,3,0,7
BRDA:24,4,0,1
BRDA:24,4,1,8
BRDA:29,5,0,0
BRDA:39,6,0,1
BRDA:39,6,1,17
BRDA:41,7,0,2
BRDA:41,7,1,15
BRDA:52,8,0,2
BRDA:52,8,1,10
BRDA:72,9,0,2
BRDA:72,9,1,5
BRF:15
BRH:11
end_of_record
